c:\users\mark zhao\desktop\687 ood\project 1\file catalogue\display\debug\vc120.pdb
c:\users\mark zhao\desktop\687 ood\project 1\file catalogue\display\debug\vc120.idb
c:\users\mark zhao\desktop\687 ood\project 1\file catalogue\display\debug\datastore.obj
c:\users\mark zhao\desktop\687 ood\project 1\file catalogue\display\debug\filemgr.obj
c:\users\mark zhao\desktop\687 ood\project 1\file catalogue\display\debug\filesystem.obj
c:\users\mark zhao\desktop\687 ood\project 1\file catalogue\display\debug\display.obj
c:\users\mark zhao\desktop\687 ood\project 1\file catalogue\debug\display.ilk
c:\users\mark zhao\desktop\687 ood\project 1\file catalogue\debug\display.exe
c:\users\mark zhao\desktop\687 ood\project 1\file catalogue\debug\display.pdb
c:\users\ziyiz\desktop\project_1\file catalogue\display\debug\datastore.obj
c:\users\ziyiz\desktop\project_1\file catalogue\display\debug\display.obj
c:\users\ziyiz\desktop\project_1\file catalogue\display\debug\filemgr.obj
c:\users\ziyiz\desktop\project_1\file catalogue\display\debug\filesystem.obj
c:\users\ziyiz\desktop\project_1\file catalogue\display\debug\vc120.idb
c:\users\ziyiz\desktop\project_1\file catalogue\display\debug\vc120.pdb
c:\users\ziyiz\desktop\project_1\file catalogue\debug\display.pdb
c:\users\ziyiz\desktop\project_1\file catalogue\debug\display.exe
c:\users\ziyiz\desktop\project_1\file catalogue\debug\display.ilk
c:\users\ziyiz\desktop\project_1\file catalogue\display\debug\display.tlog\cl.command.1.tlog
c:\users\ziyiz\desktop\project_1\file catalogue\display\debug\display.tlog\cl.read.1.tlog
c:\users\ziyiz\desktop\project_1\file catalogue\display\debug\display.tlog\cl.write.1.tlog
c:\users\ziyiz\desktop\project_1\file catalogue\display\debug\display.tlog\link.command.1.tlog
c:\users\ziyiz\desktop\project_1\file catalogue\display\debug\display.tlog\link.read.1.tlog
c:\users\ziyiz\desktop\project_1\file catalogue\display\debug\display.tlog\link.write.1.tlog
