c:\users\mark zhao\desktop\ziyi_zhao_project2\xmldocument\xmlelementparts\debug\vc120.pdb
c:\users\mark zhao\desktop\ziyi_zhao_project2\xmldocument\xmlelementparts\debug\vc120.idb
c:\users\mark zhao\desktop\ziyi_zhao_project2\xmldocument\xmlelementparts\debug\tokenizer.obj
c:\users\mark zhao\desktop\ziyi_zhao_project2\xmldocument\xmlelementparts\debug\xmlelementparts.obj
c:\users\mark zhao\desktop\ziyi_zhao_project2\xmldocument\debug\xmlelementparts.ilk
c:\users\mark zhao\desktop\ziyi_zhao_project2\xmldocument\debug\xmlelementparts.exe
c:\users\mark zhao\desktop\ziyi_zhao_project2\xmldocument\debug\xmlelementparts.pdb
c:\users\ziyiz\desktop\project_2\xmldocument\xmlelementparts\debug\tokenizer.obj
c:\users\ziyiz\desktop\project_2\xmldocument\xmlelementparts\debug\xmlelementparts.obj
c:\users\ziyiz\desktop\project_2\xmldocument\xmlelementparts\debug\vc120.idb
c:\users\ziyiz\desktop\project_2\xmldocument\xmlelementparts\debug\vc120.pdb
c:\users\ziyiz\desktop\project_2\xmldocument\debug\xmlelementparts.pdb
c:\users\ziyiz\desktop\project_2\xmldocument\debug\xmlelementparts.exe
c:\users\ziyiz\desktop\project_2\xmldocument\debug\xmlelementparts.ilk
c:\users\ziyiz\desktop\project_2\xmldocument\xmlelementparts\debug\xmlelementparts.tlog\cl.command.1.tlog
c:\users\ziyiz\desktop\project_2\xmldocument\xmlelementparts\debug\xmlelementparts.tlog\cl.read.1.tlog
c:\users\ziyiz\desktop\project_2\xmldocument\xmlelementparts\debug\xmlelementparts.tlog\cl.write.1.tlog
c:\users\ziyiz\desktop\project_2\xmldocument\xmlelementparts\debug\xmlelementparts.tlog\link.command.1.tlog
c:\users\ziyiz\desktop\project_2\xmldocument\xmlelementparts\debug\xmlelementparts.tlog\link.read.1.tlog
c:\users\ziyiz\desktop\project_2\xmldocument\xmlelementparts\debug\xmlelementparts.tlog\link.write.1.tlog
