c:\users\mark zhao\desktop\687 ood\project 1\file catalogue\executive\debug\vc120.pdb
g:\dropbox\school\study\semester_2_2015_spring\cse 687 objective oriented design\project_1\ziyi_zhao_project1\file catalogue\executive\debug\vc140.pdb
g:\dropbox\school\study\semester_2_2015_spring\cse 687 objective oriented design\project_1\ziyi_zhao_project1\file catalogue\executive\debug\vc140.idb
g:\dropbox\school\study\semester_2_2015_spring\cse 687 objective oriented design\project_1\ziyi_zhao_project1\file catalogue\executive\debug\datastore.obj
g:\dropbox\school\study\semester_2_2015_spring\cse 687 objective oriented design\project_1\ziyi_zhao_project1\file catalogue\executive\debug\display.obj
g:\dropbox\school\study\semester_2_2015_spring\cse 687 objective oriented design\project_1\ziyi_zhao_project1\file catalogue\executive\debug\filecataloger.obj
g:\dropbox\school\study\semester_2_2015_spring\cse 687 objective oriented design\project_1\ziyi_zhao_project1\file catalogue\executive\debug\filemgr.obj
g:\dropbox\school\study\semester_2_2015_spring\cse 687 objective oriented design\project_1\ziyi_zhao_project1\file catalogue\executive\debug\filesystem.obj
g:\dropbox\school\study\semester_2_2015_spring\cse 687 objective oriented design\project_1\ziyi_zhao_project1\file catalogue\executive\debug\executive.obj
c:\users\mark zhao\desktop\687 ood\project 1\file catalogue\debug\executive.ilk
c:\users\mark zhao\desktop\687 ood\project 1\file catalogue\debug\executive.exe
c:\users\mark zhao\desktop\687 ood\project 1\file catalogue\debug\executive.pdb
g:\dropbox\school\study\semester_2_2015_spring\cse 687 objective oriented design\project_1\ziyi_zhao_project1\file catalogue\debug\executive.ilk
g:\dropbox\school\study\semester_2_2015_spring\cse 687 objective oriented design\project_1\ziyi_zhao_project1\file catalogue\debug\executive.exe
g:\dropbox\school\study\semester_2_2015_spring\cse 687 objective oriented design\project_1\ziyi_zhao_project1\file catalogue\debug\executive.pdb
c:\users\ziyiz\desktop\project_1\file catalogue\executive\debug\datastore.obj
c:\users\ziyiz\desktop\project_1\file catalogue\executive\debug\display.obj
c:\users\ziyiz\desktop\project_1\file catalogue\executive\debug\executive.obj
c:\users\ziyiz\desktop\project_1\file catalogue\executive\debug\filecataloger.obj
c:\users\ziyiz\desktop\project_1\file catalogue\executive\debug\filemgr.obj
c:\users\ziyiz\desktop\project_1\file catalogue\executive\debug\filesystem.obj
c:\users\ziyiz\desktop\project_1\file catalogue\executive\debug\vc120.idb
c:\users\ziyiz\desktop\project_1\file catalogue\executive\debug\vc140.idb
c:\users\ziyiz\desktop\project_1\file catalogue\executive\debug\vc120.pdb
c:\users\ziyiz\desktop\project_1\file catalogue\executive\debug\vc140.pdb
c:\users\ziyiz\desktop\project_1\file catalogue\debug\executive.pdb
c:\users\ziyiz\desktop\project_1\file catalogue\debug\executive.exe
c:\users\ziyiz\desktop\project_1\file catalogue\debug\executive.ilk
c:\users\ziyiz\desktop\project_1\file catalogue\executive\debug\executive.tlog\cl.command.1.tlog
c:\users\ziyiz\desktop\project_1\file catalogue\executive\debug\executive.tlog\cl.read.1.tlog
c:\users\ziyiz\desktop\project_1\file catalogue\executive\debug\executive.tlog\cl.write.1.tlog
c:\users\ziyiz\desktop\project_1\file catalogue\executive\debug\executive.tlog\link.command.1.tlog
c:\users\ziyiz\desktop\project_1\file catalogue\executive\debug\executive.tlog\link.read.1.tlog
c:\users\ziyiz\desktop\project_1\file catalogue\executive\debug\executive.tlog\link.write.1.tlog
