c:\users\mark zhao\desktop\687 ood\project 1\file catalogue\filemgr\debug\vc120.pdb
c:\users\mark zhao\desktop\687 ood\project 1\file catalogue\filemgr\debug\vc120.idb
c:\users\mark zhao\desktop\687 ood\project 1\file catalogue\filemgr\debug\datastore.obj
c:\users\mark zhao\desktop\687 ood\project 1\file catalogue\filemgr\debug\filemgr.obj
c:\users\mark zhao\desktop\687 ood\project 1\file catalogue\filemgr\debug\filesystem.obj
c:\users\mark zhao\desktop\687 ood\project 1\file catalogue\debug\filemgr.ilk
c:\users\mark zhao\desktop\687 ood\project 1\file catalogue\debug\filemgr.exe
c:\users\mark zhao\desktop\687 ood\project 1\file catalogue\debug\filemgr.pdb
c:\users\ziyiz\desktop\project_1\file catalogue\filemgr\debug\datastore.obj
c:\users\ziyiz\desktop\project_1\file catalogue\filemgr\debug\filemgr.obj
c:\users\ziyiz\desktop\project_1\file catalogue\filemgr\debug\filesystem.obj
c:\users\ziyiz\desktop\project_1\file catalogue\filemgr\debug\vc120.idb
c:\users\ziyiz\desktop\project_1\file catalogue\filemgr\debug\vc120.pdb
c:\users\ziyiz\desktop\project_1\file catalogue\debug\filemgr.pdb
c:\users\ziyiz\desktop\project_1\file catalogue\debug\filemgr.exe
c:\users\ziyiz\desktop\project_1\file catalogue\debug\filemgr.ilk
c:\users\ziyiz\desktop\project_1\file catalogue\filemgr\debug\filemgr.tlog\cl.command.1.tlog
c:\users\ziyiz\desktop\project_1\file catalogue\filemgr\debug\filemgr.tlog\cl.read.1.tlog
c:\users\ziyiz\desktop\project_1\file catalogue\filemgr\debug\filemgr.tlog\cl.write.1.tlog
c:\users\ziyiz\desktop\project_1\file catalogue\filemgr\debug\filemgr.tlog\link.command.1.tlog
c:\users\ziyiz\desktop\project_1\file catalogue\filemgr\debug\filemgr.tlog\link.read.1.tlog
c:\users\ziyiz\desktop\project_1\file catalogue\filemgr\debug\filemgr.tlog\link.write.1.tlog
