c:\users\mark zhao\desktop\687 ood\project 1\file catalogue\filecataloger\debug\vc120.pdb
c:\users\mark zhao\desktop\687 ood\project 1\file catalogue\filecataloger\debug\vc120.idb
c:\users\mark zhao\desktop\687 ood\project 1\file catalogue\filecataloger\debug\datastore.obj
c:\users\mark zhao\desktop\687 ood\project 1\file catalogue\filecataloger\debug\display.obj
c:\users\mark zhao\desktop\687 ood\project 1\file catalogue\filecataloger\debug\filemgr.obj
c:\users\mark zhao\desktop\687 ood\project 1\file catalogue\filecataloger\debug\filesystem.obj
c:\users\mark zhao\desktop\687 ood\project 1\file catalogue\filecataloger\debug\filecataloger.obj
c:\users\mark zhao\desktop\687 ood\project 1\file catalogue\debug\filecataloger.ilk
c:\users\mark zhao\desktop\687 ood\project 1\file catalogue\debug\filecataloger.exe
c:\users\mark zhao\desktop\687 ood\project 1\file catalogue\debug\filecataloger.pdb
c:\users\ziyiz\desktop\project_1\file catalogue\filecataloger\debug\datastore.obj
c:\users\ziyiz\desktop\project_1\file catalogue\filecataloger\debug\display.obj
c:\users\ziyiz\desktop\project_1\file catalogue\filecataloger\debug\filecataloger.obj
c:\users\ziyiz\desktop\project_1\file catalogue\filecataloger\debug\filemgr.obj
c:\users\ziyiz\desktop\project_1\file catalogue\filecataloger\debug\filesystem.obj
c:\users\ziyiz\desktop\project_1\file catalogue\filecataloger\debug\vc120.idb
c:\users\ziyiz\desktop\project_1\file catalogue\filecataloger\debug\vc120.pdb
c:\users\ziyiz\desktop\project_1\file catalogue\debug\filecataloger.pdb
c:\users\ziyiz\desktop\project_1\file catalogue\debug\filecataloger.exe
c:\users\ziyiz\desktop\project_1\file catalogue\debug\filecataloger.ilk
c:\users\ziyiz\desktop\project_1\file catalogue\filecataloger\debug\filecataloger.tlog\cl.command.1.tlog
c:\users\ziyiz\desktop\project_1\file catalogue\filecataloger\debug\filecataloger.tlog\cl.read.1.tlog
c:\users\ziyiz\desktop\project_1\file catalogue\filecataloger\debug\filecataloger.tlog\cl.write.1.tlog
c:\users\ziyiz\desktop\project_1\file catalogue\filecataloger\debug\filecataloger.tlog\link.command.1.tlog
c:\users\ziyiz\desktop\project_1\file catalogue\filecataloger\debug\filecataloger.tlog\link.read.1.tlog
c:\users\ziyiz\desktop\project_1\file catalogue\filecataloger\debug\filecataloger.tlog\link.write.1.tlog
