c:\users\mark zhao\desktop\ziyi_zhao_project2\xmldocument\executive\debug\vc120.pdb
c:\users\mark zhao\desktop\ziyi_zhao_project2\xmldocument\executive\debug\vc120.idb
c:\users\mark zhao\desktop\ziyi_zhao_project2\xmldocument\executive\debug\xmldocument.obj
c:\users\mark zhao\desktop\ziyi_zhao_project2\xmldocument\executive\debug\tokenizer.obj
c:\users\mark zhao\desktop\ziyi_zhao_project2\xmldocument\executive\debug\xmlelementparts.obj
c:\users\mark zhao\desktop\ziyi_zhao_project2\xmldocument\executive\debug\xmlelement.obj
c:\users\mark zhao\desktop\ziyi_zhao_project2\xmldocument\executive\debug\executive.obj
c:\users\mark zhao\desktop\ziyi_zhao_project2\xmldocument\debug\executive.ilk
c:\users\mark zhao\desktop\ziyi_zhao_project2\xmldocument\debug\executive.exe
c:\users\mark zhao\desktop\ziyi_zhao_project2\xmldocument\debug\executive.pdb
c:\users\ziyiz\desktop\project_2\xmldocument\executive\debug\executive.obj
c:\users\ziyiz\desktop\project_2\xmldocument\executive\debug\tokenizer.obj
c:\users\ziyiz\desktop\project_2\xmldocument\executive\debug\xmldocument.obj
c:\users\ziyiz\desktop\project_2\xmldocument\executive\debug\xmlelement.obj
c:\users\ziyiz\desktop\project_2\xmldocument\executive\debug\xmlelementparts.obj
c:\users\ziyiz\desktop\project_2\xmldocument\executive\debug\vc120.idb
c:\users\ziyiz\desktop\project_2\xmldocument\executive\debug\vc120.pdb
c:\users\ziyiz\desktop\project_2\xmldocument\debug\executive.pdb
c:\users\ziyiz\desktop\project_2\xmldocument\debug\executive.exe
c:\users\ziyiz\desktop\project_2\xmldocument\debug\executive.ilk
c:\users\ziyiz\desktop\project_2\xmldocument\executive\debug\executive.tlog\cl.command.1.tlog
c:\users\ziyiz\desktop\project_2\xmldocument\executive\debug\executive.tlog\cl.read.1.tlog
c:\users\ziyiz\desktop\project_2\xmldocument\executive\debug\executive.tlog\cl.write.1.tlog
c:\users\ziyiz\desktop\project_2\xmldocument\executive\debug\executive.tlog\link.command.1.tlog
c:\users\ziyiz\desktop\project_2\xmldocument\executive\debug\executive.tlog\link.read.1.tlog
c:\users\ziyiz\desktop\project_2\xmldocument\executive\debug\executive.tlog\link.write.1.tlog
