c:\users\mark zhao\desktop\ziyi_zhao_project2\xmldocument\xmldocument\debug\vc120.pdb
c:\users\mark zhao\desktop\ziyi_zhao_project2\xmldocument\xmldocument\debug\vc120.idb
c:\users\mark zhao\desktop\ziyi_zhao_project2\xmldocument\xmldocument\debug\tokenizer.obj
c:\users\mark zhao\desktop\ziyi_zhao_project2\xmldocument\xmldocument\debug\xmlelementparts.obj
c:\users\mark zhao\desktop\ziyi_zhao_project2\xmldocument\xmldocument\debug\xmlelement.obj
c:\users\mark zhao\desktop\ziyi_zhao_project2\xmldocument\xmldocument\debug\xmldocument.obj
c:\users\mark zhao\desktop\ziyi_zhao_project2\xmldocument\debug\xmldocument.ilk
c:\users\mark zhao\desktop\ziyi_zhao_project2\xmldocument\debug\xmldocument.exe
c:\users\mark zhao\desktop\ziyi_zhao_project2\xmldocument\debug\xmldocument.pdb
c:\users\ziyiz\desktop\project_2\xmldocument\xmldocument\debug\tokenizer.obj
c:\users\ziyiz\desktop\project_2\xmldocument\xmldocument\debug\xmldocument.obj
c:\users\ziyiz\desktop\project_2\xmldocument\xmldocument\debug\xmlelement.obj
c:\users\ziyiz\desktop\project_2\xmldocument\xmldocument\debug\xmlelementparts.obj
c:\users\ziyiz\desktop\project_2\xmldocument\xmldocument\debug\vc120.idb
c:\users\ziyiz\desktop\project_2\xmldocument\xmldocument\debug\vc120.pdb
c:\users\ziyiz\desktop\project_2\xmldocument\debug\xmldocument.pdb
c:\users\ziyiz\desktop\project_2\xmldocument\debug\xmldocument.exe
c:\users\ziyiz\desktop\project_2\xmldocument\debug\xmldocument.ilk
c:\users\ziyiz\desktop\project_2\xmldocument\xmldocument\debug\xmldocument.tlog\cl.command.1.tlog
c:\users\ziyiz\desktop\project_2\xmldocument\xmldocument\debug\xmldocument.tlog\cl.read.1.tlog
c:\users\ziyiz\desktop\project_2\xmldocument\xmldocument\debug\xmldocument.tlog\cl.write.1.tlog
c:\users\ziyiz\desktop\project_2\xmldocument\xmldocument\debug\xmldocument.tlog\link.command.1.tlog
c:\users\ziyiz\desktop\project_2\xmldocument\xmldocument\debug\xmldocument.tlog\link.read.1.tlog
c:\users\ziyiz\desktop\project_2\xmldocument\xmldocument\debug\xmldocument.tlog\link.write.1.tlog
